INFO main husacct.Main - STARTING HUSACCT Mon Oct 23 22:45:01 MDT 2017
INFO main husacct.Main - Processors: 2 Free memory: 59120536 Max memory: 921174016 Total memory: 62390272
INFO main husacct.ServiceProvider - Mon Oct 23 22:45:01 MDT 2017 Resetting services
INFO main husacct.control.task.MainController - Setting Mac OS X specific properties
INFO main husacct.control.ControlServiceImpl - App data folder (platform specific): /home/johannes/.husacct/
INFO AWT-EventQueue-0 husacct.control.task.WorkspaceController - Mon Oct 23 22:45:09 MDT 2017 New workspace: Sonar
INFO AWT-EventQueue-0 husacct.ServiceProvider - Mon Oct 23 22:45:09 MDT 2017 Resetting services
INFO thread-0 husacct.control.task.AnalyseTask - Mon Oct 23 22:45:13 MDT 2017 No project specified, or no project path specified
INFO monitor-0 husacct.control.task.threading.MonitorThread - Mon Oct 23 22:45:13 MDT 2017 Finished: thread [thread-0], removed loader 
INFO thread-1 husacct.control.task.AnalyseTask - Mon Oct 23 22:45:36 MDT 2017 Control-AnalyseTask is Starting: Analyse project Sonar
INFO thread-1 husacct.analyse.task.analyse.ApplicationAnalyser - Mon Oct 23 22:45:36 MDT 2017 Start: Parse sourcefiles
INFO thread-1 husacct.analyse.task.analyse.java.JavaAnalyser -  LL /home/johannes/CMPUT663/cmput663-architecture/sonarqube-fbd2580494b44341c6180bbb59fcc02c8b538889/it/it-projects/analysis/project-builder/module_b/src/IgnoredFile.java
WARN thread-1 husacct.analyse.task.analyse.java.JavaAnalyser - null - in file: /home/johannes/CMPUT663/cmput663-architecture/sonarqube-fbd2580494b44341c6180bbb59fcc02c8b538889/it/it-projects/analysis/project-builder/module_b/src/IgnoredFile.java
WARN thread-1 husacct.analyse.task.analyse.java.analysing.BlockAnalyser -  Exception while processing: org.sonar.db.component.ComponentTreeQuery Line: 101 null
WARN thread-1 husacct.analyse.task.analyse.java.analysing.VariableAnalyser -  Exception while processing: org.sonar.server.qualitygate.QualityGates Line: 293 null
INFO thread-1 husacct.analyse.task.analyse.ApplicationAnalyser -  Number of syntax errors: 2
INFO thread-1 husacct.analyse.task.analyse.ApplicationAnalyser -  Number of files with syntax errors: 1  Of which files with 'test' in path: 0
INFO thread-1 husacct.analyse.task.analyse.ApplicationAnalyser - Mon Oct 23 22:45:49 MDT 2017 Finished: Parse sourcefiles. Start: Post processing
INFO thread-1 husacct.analyse.domain.famix.FamixCreationServiceImpl - Mon Oct 23 22:45:49 MDT 2017 Finished: distinguisAndCreateLibraries(), Nr of Libraries = 1757
INFO thread-1 husacct.analyse.domain.famix.FamixCreationServiceImpl - Mon Oct 23 22:45:49 MDT 2017 Starting: processWaitingStructuralEntities(), Model.entities = 0, WaitingStructuralEntities = 93653
INFO thread-1 husacct.analyse.domain.famix.FamixCreationServiceImpl - Mon Oct 23 22:45:51 MDT 2017 Finished: processWaitingStructuralEntities(), Model.entities = 80522, Model.associations = 49780, WaitingAssociations = 431873
INFO thread-1 husacct.analyse.domain.famix.FamixCreationServiceImpl - Mon Oct 23 22:46:02 MDT 2017 Finished: processWaitingAssociations(), Model.associations = 447019, Not connected associations = 35077, NumberOfInternalClassesAddedBasedOnImports = 1221
INFO thread-1 husacct.analyse.domain.famix.FamixDependencyFinder - Mon Oct 23 22:46:05 MDT 2017 Dependencies added: 408341, Removed duplicates: 38434
INFO thread-1 husacct.control.task.AnalyseTask - Mon Oct 23 22:46:05 MDT 2017 Finished: Analyse application. Added: 582 packages; 7581 classes; 408341 dependencies
INFO monitor-1 husacct.control.task.threading.MonitorThread - Mon Oct 23 22:46:06 MDT 2017 Finished: thread [thread-1], removed loader 
INFO AWT-EventQueue-0 husacct.analyse.task.AnalyseTaskControl - Mon Oct 23 22:46:58 MDT 2017 Starting: Export Analysis Model
INFO main husacct.Main - STARTING HUSACCT Mon Oct 23 23:06:08 MDT 2017
INFO main husacct.Main - Processors: 2 Free memory: 59120576 Max memory: 921174016 Total memory: 62390272
INFO main husacct.ServiceProvider - Mon Oct 23 23:06:08 MDT 2017 Resetting services
INFO main husacct.control.task.MainController - Setting Mac OS X specific properties
INFO main husacct.control.ControlServiceImpl - App data folder (platform specific): /home/johannes/.husacct/
INFO AWT-EventQueue-0 husacct.control.task.WorkspaceController - Mon Oct 23 23:06:13 MDT 2017 New workspace: Sonar
INFO AWT-EventQueue-0 husacct.ServiceProvider - Mon Oct 23 23:06:13 MDT 2017 Resetting services
INFO thread-0 husacct.control.task.AnalyseTask - Mon Oct 23 23:06:25 MDT 2017 Control-AnalyseTask is Starting: Analyse project Sonar
INFO thread-0 husacct.analyse.task.analyse.ApplicationAnalyser - Mon Oct 23 23:06:25 MDT 2017 Start: Parse sourcefiles
INFO thread-0 husacct.analyse.task.analyse.java.JavaAnalyser -  LL /home/johannes/CMPUT663/cmput663-architecture/sonarqube-fbd2580494b44341c6180bbb59fcc02c8b538889/it/it-projects/analysis/project-builder/module_b/src/IgnoredFile.java
WARN thread-0 husacct.analyse.task.analyse.java.JavaAnalyser - null - in file: /home/johannes/CMPUT663/cmput663-architecture/sonarqube-fbd2580494b44341c6180bbb59fcc02c8b538889/it/it-projects/analysis/project-builder/module_b/src/IgnoredFile.java
WARN thread-0 husacct.analyse.task.analyse.java.analysing.BlockAnalyser -  Exception while processing: org.sonar.db.component.ComponentTreeQuery Line: 101 null
WARN thread-0 husacct.analyse.task.analyse.java.analysing.VariableAnalyser -  Exception while processing: org.sonar.server.qualitygate.QualityGates Line: 293 null
INFO thread-0 husacct.analyse.task.analyse.ApplicationAnalyser -  Number of syntax errors: 2
INFO thread-0 husacct.analyse.task.analyse.ApplicationAnalyser -  Number of files with syntax errors: 1  Of which files with 'test' in path: 0
INFO thread-0 husacct.analyse.task.analyse.ApplicationAnalyser - Mon Oct 23 23:06:41 MDT 2017 Finished: Parse sourcefiles. Start: Post processing
INFO thread-0 husacct.analyse.domain.famix.FamixCreationServiceImpl - Mon Oct 23 23:06:41 MDT 2017 Finished: distinguisAndCreateLibraries(), Nr of Libraries = 1757
INFO thread-0 husacct.analyse.domain.famix.FamixCreationServiceImpl - Mon Oct 23 23:06:41 MDT 2017 Starting: processWaitingStructuralEntities(), Model.entities = 0, WaitingStructuralEntities = 93653
INFO thread-0 husacct.analyse.domain.famix.FamixCreationServiceImpl - Mon Oct 23 23:06:43 MDT 2017 Finished: processWaitingStructuralEntities(), Model.entities = 80522, Model.associations = 49780, WaitingAssociations = 431873
INFO thread-0 husacct.analyse.domain.famix.FamixCreationServiceImpl - Mon Oct 23 23:06:53 MDT 2017 Finished: processWaitingAssociations(), Model.associations = 447019, Not connected associations = 35077, NumberOfInternalClassesAddedBasedOnImports = 1221
INFO thread-0 husacct.analyse.domain.famix.FamixDependencyFinder - Mon Oct 23 23:06:56 MDT 2017 Dependencies added: 408341, Removed duplicates: 38434
INFO thread-0 husacct.control.task.AnalyseTask - Mon Oct 23 23:06:57 MDT 2017 Finished: Analyse application. Added: 582 packages; 7581 classes; 408341 dependencies
INFO monitor-0 husacct.control.task.threading.MonitorThread - Mon Oct 23 23:06:57 MDT 2017 Finished: thread [thread-0], removed loader 
INFO AWT-EventQueue-0 husacct.analyse.task.AnalyseTaskControl - Mon Oct 23 23:08:53 MDT 2017 Starting: Export Analysis Model
INFO AWT-EventQueue-0 husacct.analyse.task.AnalyseTaskControl - Mon Oct 23 23:20:22 MDT 2017 Starting: Export Analysis Model
INFO AWT-EventQueue-0 husacct.analyse.task.AnalyseTaskControl - Tue Oct 24 00:05:08 MDT 2017 Starting: Export Analysis Model
